execve("./hello", ["./hello"], 0x7ffe81f641a8 /* 75 vars */) = 0 <0.000474>
arch_prctl(ARCH_SET_FS, 0x55e0f0)       = 0 <0.000044>
sched_getaffinity(0, 8192, [0, 1, 2, 3]) = 8 <0.000025>
openat(AT_FDCWD, "/sys/kernel/mm/transparent_hugepage/hpage_pmd_size", O_RDONLY) = 3 <0.000045>
read(3, "2097152\n", 20)                = 8 <0.000029>
close(3)                                = 0 <0.000064>
mmap(NULL, 262144, PROT_READ|PROT_WRITE, MAP_PRIVATE|MAP_ANONYMOUS, -1, 0) = 0x7f276daa3000 <0.000039>
mmap(0xc000000000, 67108864, PROT_NONE, MAP_PRIVATE|MAP_ANONYMOUS, -1, 0) = 0xc000000000 <0.000020>
mmap(0xc000000000, 67108864, PROT_READ|PROT_WRITE, MAP_PRIVATE|MAP_FIXED|MAP_ANONYMOUS, -1, 0) = 0xc000000000 <0.000034>
mmap(NULL, 33554432, PROT_READ|PROT_WRITE, MAP_PRIVATE|MAP_ANONYMOUS, -1, 0) = 0x7f276baa3000 <0.000038>
mmap(NULL, 2164736, PROT_READ|PROT_WRITE, MAP_PRIVATE|MAP_ANONYMOUS, -1, 0) = 0x7f276b892000 <0.000016>
mmap(NULL, 65536, PROT_READ|PROT_WRITE, MAP_PRIVATE|MAP_ANONYMOUS, -1, 0) = 0x7f276b882000 <0.000019>
mmap(NULL, 65536, PROT_READ|PROT_WRITE, MAP_PRIVATE|MAP_ANONYMOUS, -1, 0) = 0x7f276b872000 <0.000018>
rt_sigprocmask(SIG_SETMASK, NULL, [], 8) = 0 <0.000018>
sigaltstack(NULL, {ss_sp=NULL, ss_flags=SS_DISABLE, ss_size=0}) = 0 <0.000019>
sigaltstack({ss_sp=0xc000002000, ss_flags=0, ss_size=32768}, NULL) = 0 <0.000014>
rt_sigprocmask(SIG_SETMASK, [], NULL, 8) = 0 <0.000013>
gettid()                                = 32460 <0.000012>
rt_sigaction(SIGHUP, NULL, {sa_handler=SIG_DFL, sa_mask=[], sa_flags=0}, 8) = 0 <0.000012>
rt_sigaction(SIGHUP, {sa_handler=0x4551e0, sa_mask=~[], sa_flags=SA_RESTORER|SA_ONSTACK|SA_RESTART|SA_SIGINFO, sa_restorer=0x455310}, NULL, 8) = 0 <0.000013>
rt_sigaction(SIGINT, NULL, {sa_handler=SIG_DFL, sa_mask=[], sa_flags=0}, 8) = 0 <0.000011>
rt_sigaction(SIGINT, {sa_handler=0x4551e0, sa_mask=~[], sa_flags=SA_RESTORER|SA_ONSTACK|SA_RESTART|SA_SIGINFO, sa_restorer=0x455310}, NULL, 8) = 0 <0.000011>
rt_sigaction(SIGQUIT, NULL, {sa_handler=SIG_DFL, sa_mask=[], sa_flags=0}, 8) = 0 <0.000015>
rt_sigaction(SIGQUIT, {sa_handler=0x4551e0, sa_mask=~[], sa_flags=SA_RESTORER|SA_ONSTACK|SA_RESTART|SA_SIGINFO, sa_restorer=0x455310}, NULL, 8) = 0 <0.000011>
rt_sigaction(SIGILL, NULL, {sa_handler=SIG_DFL, sa_mask=[], sa_flags=0}, 8) = 0 <0.000011>
rt_sigaction(SIGILL, {sa_handler=0x4551e0, sa_mask=~[], sa_flags=SA_RESTORER|SA_ONSTACK|SA_RESTART|SA_SIGINFO, sa_restorer=0x455310}, NULL, 8) = 0 <0.000012>
rt_sigaction(SIGTRAP, NULL, {sa_handler=SIG_DFL, sa_mask=[], sa_flags=0}, 8) = 0 <0.000010>
rt_sigaction(SIGTRAP, {sa_handler=0x4551e0, sa_mask=~[], sa_flags=SA_RESTORER|SA_ONSTACK|SA_RESTART|SA_SIGINFO, sa_restorer=0x455310}, NULL, 8) = 0 <0.000012>
rt_sigaction(SIGABRT, NULL, {sa_handler=SIG_DFL, sa_mask=[], sa_flags=0}, 8) = 0 <0.000160>
rt_sigaction(SIGABRT, {sa_handler=0x4551e0, sa_mask=~[], sa_flags=SA_RESTORER|SA_ONSTACK|SA_RESTART|SA_SIGINFO, sa_restorer=0x455310}, NULL, 8) = 0 <0.000028>
rt_sigaction(SIGBUS, NULL, {sa_handler=SIG_DFL, sa_mask=[], sa_flags=0}, 8) = 0 <0.000013>
rt_sigaction(SIGBUS, {sa_handler=0x4551e0, sa_mask=~[], sa_flags=SA_RESTORER|SA_ONSTACK|SA_RESTART|SA_SIGINFO, sa_restorer=0x455310}, NULL, 8) = 0 <0.000013>
rt_sigaction(SIGFPE, NULL, {sa_handler=SIG_DFL, sa_mask=[], sa_flags=0}, 8) = 0 <0.000012>
rt_sigaction(SIGFPE, {sa_handler=0x4551e0, sa_mask=~[], sa_flags=SA_RESTORER|SA_ONSTACK|SA_RESTART|SA_SIGINFO, sa_restorer=0x455310}, NULL, 8) = 0 <0.000011>
rt_sigaction(SIGUSR1, NULL, {sa_handler=SIG_DFL, sa_mask=[], sa_flags=0}, 8) = 0 <0.000014>
rt_sigaction(SIGUSR1, {sa_handler=0x4551e0, sa_mask=~[], sa_flags=SA_RESTORER|SA_ONSTACK|SA_RESTART|SA_SIGINFO, sa_restorer=0x455310}, NULL, 8) = 0 <0.000013>
rt_sigaction(SIGSEGV, NULL, {sa_handler=SIG_DFL, sa_mask=[], sa_flags=0}, 8) = 0 <0.000015>
rt_sigaction(SIGSEGV, {sa_handler=0x4551e0, sa_mask=~[], sa_flags=SA_RESTORER|SA_ONSTACK|SA_RESTART|SA_SIGINFO, sa_restorer=0x455310}, NULL, 8) = 0 <0.000012>
rt_sigaction(SIGUSR2, NULL, {sa_handler=SIG_DFL, sa_mask=[], sa_flags=0}, 8) = 0 <0.000011>
rt_sigaction(SIGUSR2, {sa_handler=0x4551e0, sa_mask=~[], sa_flags=SA_RESTORER|SA_ONSTACK|SA_RESTART|SA_SIGINFO, sa_restorer=0x455310}, NULL, 8) = 0 <0.000013>
rt_sigaction(SIGPIPE, NULL, {sa_handler=SIG_DFL, sa_mask=[], sa_flags=0}, 8) = 0 <0.000013>
rt_sigaction(SIGPIPE, {sa_handler=0x4551e0, sa_mask=~[], sa_flags=SA_RESTORER|SA_ONSTACK|SA_RESTART|SA_SIGINFO, sa_restorer=0x455310}, NULL, 8) = 0 <0.000012>
rt_sigaction(SIGALRM, NULL, {sa_handler=SIG_DFL, sa_mask=[], sa_flags=0}, 8) = 0 <0.000012>
rt_sigaction(SIGALRM, {sa_handler=0x4551e0, sa_mask=~[], sa_flags=SA_RESTORER|SA_ONSTACK|SA_RESTART|SA_SIGINFO, sa_restorer=0x455310}, NULL, 8) = 0 <0.000012>
rt_sigaction(SIGTERM, NULL, {sa_handler=SIG_DFL, sa_mask=[], sa_flags=0}, 8) = 0 <0.000012>
rt_sigaction(SIGTERM, {sa_handler=0x4551e0, sa_mask=~[], sa_flags=SA_RESTORER|SA_ONSTACK|SA_RESTART|SA_SIGINFO, sa_restorer=0x455310}, NULL, 8) = 0 <0.000011>
rt_sigaction(SIGSTKFLT, NULL, {sa_handler=SIG_DFL, sa_mask=[], sa_flags=0}, 8) = 0 <0.000013>
rt_sigaction(SIGSTKFLT, {sa_handler=0x4551e0, sa_mask=~[], sa_flags=SA_RESTORER|SA_ONSTACK|SA_RESTART|SA_SIGINFO, sa_restorer=0x455310}, NULL, 8) = 0 <0.000012>
rt_sigaction(SIGCHLD, NULL, {sa_handler=SIG_DFL, sa_mask=[], sa_flags=0}, 8) = 0 <0.000012>
rt_sigaction(SIGCHLD, {sa_handler=0x4551e0, sa_mask=~[], sa_flags=SA_RESTORER|SA_ONSTACK|SA_RESTART|SA_SIGINFO, sa_restorer=0x455310}, NULL, 8) = 0 <0.000011>
rt_sigaction(SIGURG, NULL, {sa_handler=SIG_DFL, sa_mask=[], sa_flags=0}, 8) = 0 <0.000011>
rt_sigaction(SIGURG, {sa_handler=0x4551e0, sa_mask=~[], sa_flags=SA_RESTORER|SA_ONSTACK|SA_RESTART|SA_SIGINFO, sa_restorer=0x455310}, NULL, 8) = 0 <0.000011>
rt_sigaction(SIGXCPU, NULL, {sa_handler=SIG_DFL, sa_mask=[], sa_flags=0}, 8) = 0 <0.000011>
rt_sigaction(SIGXCPU, {sa_handler=0x4551e0, sa_mask=~[], sa_flags=SA_RESTORER|SA_ONSTACK|SA_RESTART|SA_SIGINFO, sa_restorer=0x455310}, NULL, 8) = 0 <0.000011>
rt_sigaction(SIGXFSZ, NULL, {sa_handler=SIG_DFL, sa_mask=[], sa_flags=0}, 8) = 0 <0.000011>
rt_sigaction(SIGXFSZ, {sa_handler=0x4551e0, sa_mask=~[], sa_flags=SA_RESTORER|SA_ONSTACK|SA_RESTART|SA_SIGINFO, sa_restorer=0x455310}, NULL, 8) = 0 <0.000011>
rt_sigaction(SIGVTALRM, NULL, {sa_handler=SIG_DFL, sa_mask=[], sa_flags=0}, 8) = 0 <0.000011>
rt_sigaction(SIGVTALRM, {sa_handler=0x4551e0, sa_mask=~[], sa_flags=SA_RESTORER|SA_ONSTACK|SA_RESTART|SA_SIGINFO, sa_restorer=0x455310}, NULL, 8) = 0 <0.000013>
rt_sigaction(SIGPROF, NULL, {sa_handler=SIG_DFL, sa_mask=[], sa_flags=0}, 8) = 0 <0.000012>
rt_sigaction(SIGPROF, {sa_handler=0x4551e0, sa_mask=~[], sa_flags=SA_RESTORER|SA_ONSTACK|SA_RESTART|SA_SIGINFO, sa_restorer=0x455310}, NULL, 8) = 0 <0.000012>
rt_sigaction(SIGWINCH, NULL, {sa_handler=SIG_DFL, sa_mask=[], sa_flags=0}, 8) = 0 <0.000012>
rt_sigaction(SIGWINCH, {sa_handler=0x4551e0, sa_mask=~[], sa_flags=SA_RESTORER|SA_ONSTACK|SA_RESTART|SA_SIGINFO, sa_restorer=0x455310}, NULL, 8) = 0 <0.000011>
rt_sigaction(SIGIO, NULL, {sa_handler=SIG_DFL, sa_mask=[], sa_flags=0}, 8) = 0 <0.000014>
rt_sigaction(SIGIO, {sa_handler=0x4551e0, sa_mask=~[], sa_flags=SA_RESTORER|SA_ONSTACK|SA_RESTART|SA_SIGINFO, sa_restorer=0x455310}, NULL, 8) = 0 <0.000012>
rt_sigaction(SIGPWR, NULL, {sa_handler=SIG_DFL, sa_mask=[], sa_flags=0}, 8) = 0 <0.000012>
rt_sigaction(SIGPWR, {sa_handler=0x4551e0, sa_mask=~[], sa_flags=SA_RESTORER|SA_ONSTACK|SA_RESTART|SA_SIGINFO, sa_restorer=0x455310}, NULL, 8) = 0 <0.000012>
rt_sigaction(SIGSYS, NULL, {sa_handler=SIG_DFL, sa_mask=[], sa_flags=0}, 8) = 0 <0.000011>
rt_sigaction(SIGSYS, {sa_handler=0x4551e0, sa_mask=~[], sa_flags=SA_RESTORER|SA_ONSTACK|SA_RESTART|SA_SIGINFO, sa_restorer=0x455310}, NULL, 8) = 0 <0.000011>
rt_sigaction(SIGRTMIN, NULL, {sa_handler=SIG_DFL, sa_mask=[], sa_flags=0}, 8) = 0 <0.000011>
rt_sigaction(SIGRT_1, NULL, {sa_handler=SIG_DFL, sa_mask=[], sa_flags=0}, 8) = 0 <0.000012>
rt_sigaction(SIGRT_2, NULL, {sa_handler=SIG_DFL, sa_mask=[], sa_flags=0}, 8) = 0 <0.000015>
rt_sigaction(SIGRT_2, {sa_handler=0x4551e0, sa_mask=~[], sa_flags=SA_RESTORER|SA_ONSTACK|SA_RESTART|SA_SIGINFO, sa_restorer=0x455310}, NULL, 8) = 0 <0.000012>
rt_sigaction(SIGRT_3, NULL, {sa_handler=SIG_DFL, sa_mask=[], sa_flags=0}, 8) = 0 <0.000015>
rt_sigaction(SIGRT_3, {sa_handler=0x4551e0, sa_mask=~[], sa_flags=SA_RESTORER|SA_ONSTACK|SA_RESTART|SA_SIGINFO, sa_restorer=0x455310}, NULL, 8) = 0 <0.000012>
rt_sigaction(SIGRT_4, NULL, {sa_handler=SIG_DFL, sa_mask=[], sa_flags=0}, 8) = 0 <0.000011>
rt_sigaction(SIGRT_4, {sa_handler=0x4551e0, sa_mask=~[], sa_flags=SA_RESTORER|SA_ONSTACK|SA_RESTART|SA_SIGINFO, sa_restorer=0x455310}, NULL, 8) = 0 <0.000012>
rt_sigaction(SIGRT_5, NULL, {sa_handler=SIG_DFL, sa_mask=[], sa_flags=0}, 8) = 0 <0.000011>
rt_sigaction(SIGRT_5, {sa_handler=0x4551e0, sa_mask=~[], sa_flags=SA_RESTORER|SA_ONSTACK|SA_RESTART|SA_SIGINFO, sa_restorer=0x455310}, NULL, 8) = 0 <0.000011>
rt_sigaction(SIGRT_6, NULL, {sa_handler=SIG_DFL, sa_mask=[], sa_flags=0}, 8) = 0 <0.000011>
rt_sigaction(SIGRT_6, {sa_handler=0x4551e0, sa_mask=~[], sa_flags=SA_RESTORER|SA_ONSTACK|SA_RESTART|SA_SIGINFO, sa_restorer=0x455310}, NULL, 8) = 0 <0.000011>
rt_sigaction(SIGRT_7, NULL, {sa_handler=SIG_DFL, sa_mask=[], sa_flags=0}, 8) = 0 <0.000011>
rt_sigaction(SIGRT_7, {sa_handler=0x4551e0, sa_mask=~[], sa_flags=SA_RESTORER|SA_ONSTACK|SA_RESTART|SA_SIGINFO, sa_restorer=0x455310}, NULL, 8) = 0 <0.000011>
rt_sigaction(SIGRT_8, NULL, {sa_handler=SIG_DFL, sa_mask=[], sa_flags=0}, 8) = 0 <0.000011>
rt_sigaction(SIGRT_8, {sa_handler=0x4551e0, sa_mask=~[], sa_flags=SA_RESTORER|SA_ONSTACK|SA_RESTART|SA_SIGINFO, sa_restorer=0x455310}, NULL, 8) = 0 <0.000011>
rt_sigaction(SIGRT_9, NULL, {sa_handler=SIG_DFL, sa_mask=[], sa_flags=0}, 8) = 0 <0.000012>
rt_sigaction(SIGRT_9, {sa_handler=0x4551e0, sa_mask=~[], sa_flags=SA_RESTORER|SA_ONSTACK|SA_RESTART|SA_SIGINFO, sa_restorer=0x455310}, NULL, 8) = 0 <0.000012>
rt_sigaction(SIGRT_10, NULL, {sa_handler=SIG_DFL, sa_mask=[], sa_flags=0}, 8) = 0 <0.000014>
rt_sigaction(SIGRT_10, {sa_handler=0x4551e0, sa_mask=~[], sa_flags=SA_RESTORER|SA_ONSTACK|SA_RESTART|SA_SIGINFO, sa_restorer=0x455310}, NULL, 8) = 0 <0.000012>
rt_sigaction(SIGRT_11, NULL, {sa_handler=SIG_DFL, sa_mask=[], sa_flags=0}, 8) = 0 <0.000013>
rt_sigaction(SIGRT_11, {sa_handler=0x4551e0, sa_mask=~[], sa_flags=SA_RESTORER|SA_ONSTACK|SA_RESTART|SA_SIGINFO, sa_restorer=0x455310}, NULL, 8) = 0 <0.000013>
rt_sigaction(SIGRT_12, NULL, {sa_handler=SIG_DFL, sa_mask=[], sa_flags=0}, 8) = 0 <0.000010>
rt_sigaction(SIGRT_12, {sa_handler=0x4551e0, sa_mask=~[], sa_flags=SA_RESTORER|SA_ONSTACK|SA_RESTART|SA_SIGINFO, sa_restorer=0x455310}, NULL, 8) = 0 <0.000012>
rt_sigaction(SIGRT_13, NULL, {sa_handler=SIG_DFL, sa_mask=[], sa_flags=0}, 8) = 0 <0.000015>
rt_sigaction(SIGRT_13, {sa_handler=0x4551e0, sa_mask=~[], sa_flags=SA_RESTORER|SA_ONSTACK|SA_RESTART|SA_SIGINFO, sa_restorer=0x455310}, NULL, 8) = 0 <0.000013>
rt_sigaction(SIGRT_14, NULL, {sa_handler=SIG_DFL, sa_mask=[], sa_flags=0}, 8) = 0 <0.000012>
rt_sigaction(SIGRT_14, {sa_handler=0x4551e0, sa_mask=~[], sa_flags=SA_RESTORER|SA_ONSTACK|SA_RESTART|SA_SIGINFO, sa_restorer=0x455310}, NULL, 8) = 0 <0.000011>
rt_sigaction(SIGRT_15, NULL, {sa_handler=SIG_DFL, sa_mask=[], sa_flags=0}, 8) = 0 <0.000012>
rt_sigaction(SIGRT_15, {sa_handler=0x4551e0, sa_mask=~[], sa_flags=SA_RESTORER|SA_ONSTACK|SA_RESTART|SA_SIGINFO, sa_restorer=0x455310}, NULL, 8) = 0 <0.000012>
rt_sigaction(SIGRT_16, NULL, {sa_handler=SIG_DFL, sa_mask=[], sa_flags=0}, 8) = 0 <0.000011>
rt_sigaction(SIGRT_16, {sa_handler=0x4551e0, sa_mask=~[], sa_flags=SA_RESTORER|SA_ONSTACK|SA_RESTART|SA_SIGINFO, sa_restorer=0x455310}, NULL, 8) = 0 <0.000012>
rt_sigaction(SIGRT_17, NULL, {sa_handler=SIG_DFL, sa_mask=[], sa_flags=0}, 8) = 0 <0.000011>
rt_sigaction(SIGRT_17, {sa_handler=0x4551e0, sa_mask=~[], sa_flags=SA_RESTORER|SA_ONSTACK|SA_RESTART|SA_SIGINFO, sa_restorer=0x455310}, NULL, 8) = 0 <0.000012>
rt_sigaction(SIGRT_18, NULL, {sa_handler=SIG_DFL, sa_mask=[], sa_flags=0}, 8) = 0 <0.000014>
rt_sigaction(SIGRT_18, {sa_handler=0x4551e0, sa_mask=~[], sa_flags=SA_RESTORER|SA_ONSTACK|SA_RESTART|SA_SIGINFO, sa_restorer=0x455310}, NULL, 8) = 0 <0.000012>
rt_sigaction(SIGRT_19, NULL, {sa_handler=SIG_DFL, sa_mask=[], sa_flags=0}, 8) = 0 <0.000012>
rt_sigaction(SIGRT_19, {sa_handler=0x4551e0, sa_mask=~[], sa_flags=SA_RESTORER|SA_ONSTACK|SA_RESTART|SA_SIGINFO, sa_restorer=0x455310}, NULL, 8) = 0 <0.000012>
rt_sigaction(SIGRT_20, NULL, {sa_handler=SIG_DFL, sa_mask=[], sa_flags=0}, 8) = 0 <0.000011>
rt_sigaction(SIGRT_20, {sa_handler=0x4551e0, sa_mask=~[], sa_flags=SA_RESTORER|SA_ONSTACK|SA_RESTART|SA_SIGINFO, sa_restorer=0x455310}, NULL, 8) = 0 <0.000011>
rt_sigaction(SIGRT_21, NULL, {sa_handler=SIG_DFL, sa_mask=[], sa_flags=0}, 8) = 0 <0.000014>
rt_sigaction(SIGRT_21, {sa_handler=0x4551e0, sa_mask=~[], sa_flags=SA_RESTORER|SA_ONSTACK|SA_RESTART|SA_SIGINFO, sa_restorer=0x455310}, NULL, 8) = 0 <0.000013>
rt_sigaction(SIGRT_22, NULL, {sa_handler=SIG_DFL, sa_mask=[], sa_flags=0}, 8) = 0 <0.000015>
rt_sigaction(SIGRT_22, {sa_handler=0x4551e0, sa_mask=~[], sa_flags=SA_RESTORER|SA_ONSTACK|SA_RESTART|SA_SIGINFO, sa_restorer=0x455310}, NULL, 8) = 0 <0.000012>
rt_sigaction(SIGRT_23, NULL, {sa_handler=SIG_DFL, sa_mask=[], sa_flags=0}, 8) = 0 <0.000012>
rt_sigaction(SIGRT_23, {sa_handler=0x4551e0, sa_mask=~[], sa_flags=SA_RESTORER|SA_ONSTACK|SA_RESTART|SA_SIGINFO, sa_restorer=0x455310}, NULL, 8) = 0 <0.000012>
rt_sigaction(SIGRT_24, NULL, {sa_handler=SIG_DFL, sa_mask=[], sa_flags=0}, 8) = 0 <0.000015>
rt_sigaction(SIGRT_24, {sa_handler=0x4551e0, sa_mask=~[], sa_flags=SA_RESTORER|SA_ONSTACK|SA_RESTART|SA_SIGINFO, sa_restorer=0x455310}, NULL, 8) = 0 <0.000012>
rt_sigaction(SIGRT_25, NULL, {sa_handler=SIG_DFL, sa_mask=[], sa_flags=0}, 8) = 0 <0.000012>
rt_sigaction(SIGRT_25, {sa_handler=0x4551e0, sa_mask=~[], sa_flags=SA_RESTORER|SA_ONSTACK|SA_RESTART|SA_SIGINFO, sa_restorer=0x455310}, NULL, 8) = 0 <0.000012>
rt_sigaction(SIGRT_26, NULL, {sa_handler=SIG_DFL, sa_mask=[], sa_flags=0}, 8) = 0 <0.000015>
rt_sigaction(SIGRT_26, {sa_handler=0x4551e0, sa_mask=~[], sa_flags=SA_RESTORER|SA_ONSTACK|SA_RESTART|SA_SIGINFO, sa_restorer=0x455310}, NULL, 8) = 0 <0.000012>
rt_sigaction(SIGRT_27, NULL, {sa_handler=SIG_DFL, sa_mask=[], sa_flags=0}, 8) = 0 <0.000012>
rt_sigaction(SIGRT_27, {sa_handler=0x4551e0, sa_mask=~[], sa_flags=SA_RESTORER|SA_ONSTACK|SA_RESTART|SA_SIGINFO, sa_restorer=0x455310}, NULL, 8) = 0 <0.000012>
rt_sigaction(SIGRT_28, NULL, {sa_handler=SIG_DFL, sa_mask=[], sa_flags=0}, 8) = 0 <0.000015>
rt_sigaction(SIGRT_28, {sa_handler=0x4551e0, sa_mask=~[], sa_flags=SA_RESTORER|SA_ONSTACK|SA_RESTART|SA_SIGINFO, sa_restorer=0x455310}, NULL, 8) = 0 <0.000012>
rt_sigaction(SIGRT_29, NULL, {sa_handler=SIG_DFL, sa_mask=[], sa_flags=0}, 8) = 0 <0.000012>
rt_sigaction(SIGRT_29, {sa_handler=0x4551e0, sa_mask=~[], sa_flags=SA_RESTORER|SA_ONSTACK|SA_RESTART|SA_SIGINFO, sa_restorer=0x455310}, NULL, 8) = 0 <0.000012>
rt_sigaction(SIGRT_30, NULL, {sa_handler=SIG_DFL, sa_mask=[], sa_flags=0}, 8) = 0 <0.000011>
rt_sigaction(SIGRT_30, {sa_handler=0x4551e0, sa_mask=~[], sa_flags=SA_RESTORER|SA_ONSTACK|SA_RESTART|SA_SIGINFO, sa_restorer=0x455310}, NULL, 8) = 0 <0.000011>
rt_sigaction(SIGRT_31, NULL, {sa_handler=SIG_DFL, sa_mask=[], sa_flags=0}, 8) = 0 <0.000010>
rt_sigaction(SIGRT_31, {sa_handler=0x4551e0, sa_mask=~[], sa_flags=SA_RESTORER|SA_ONSTACK|SA_RESTART|SA_SIGINFO, sa_restorer=0x455310}, NULL, 8) = 0 <0.000012>
rt_sigaction(SIGRT_32, NULL, {sa_handler=SIG_DFL, sa_mask=[], sa_flags=0}, 8) = 0 <0.000011>
rt_sigaction(SIGRT_32, {sa_handler=0x4551e0, sa_mask=~[], sa_flags=SA_RESTORER|SA_ONSTACK|SA_RESTART|SA_SIGINFO, sa_restorer=0x455310}, NULL, 8) = 0 <0.000011>
rt_sigprocmask(SIG_SETMASK, ~[], [], 8) = 0 <0.000014>
clone(child_stack=0xc00004a000, flags=CLONE_VM|CLONE_FS|CLONE_FILES|CLONE_SIGHAND|CLONE_THREAD|CLONE_SYSVSEM) = 32461 <0.000065>
rt_sigprocmask(SIG_SETMASK, [], NULL, 8) = 0 <0.000011>
rt_sigprocmask(SIG_SETMASK, ~[], [], 8) = 0 <0.000011>
clone(child_stack=0xc00004c000, flags=CLONE_VM|CLONE_FS|CLONE_FILES|CLONE_SIGHAND|CLONE_THREAD|CLONE_SYSVSEM) = 32462 <0.000036>
rt_sigprocmask(SIG_SETMASK, [], NULL, 8) = 0 <0.000044>
futex(0xc000054148, FUTEX_WAKE_PRIVATE, 1) = 1 <0.000033>
futex(0xc000054148, FUTEX_WAKE_PRIVATE, 1) = 1 <0.000023>
futex(0xc00003a4c8, FUTEX_WAKE_PRIVATE, 1) = 1 <0.000044>
mmap(NULL, 1439992, PROT_READ|PROT_WRITE, MAP_PRIVATE|MAP_ANONYMOUS, -1, 0) = 0x7f276b712000 <0.000021>
mmap(NULL, 262144, PROT_READ|PROT_WRITE, MAP_PRIVATE|MAP_ANONYMOUS, -1, 0) = 0x7f276b6d2000 <0.000012>
readlinkat(AT_FDCWD, "/proc/self/exe", "/home/o-xian/works/linux-in-prac"..., 128) = 75 <0.000038>
fcntl(0, F_GETFL)                       = 0x2 (flags O_RDWR) <0.000011>
futex(0xc000064148, FUTEX_WAKE_PRIVATE, 1) = 1 <0.000022>
fcntl(1, F_GETFL)                       = 0x2 (flags O_RDWR) <0.000014>
fcntl(2, F_GETFL)                       = 0x2 (flags O_RDWR) <0.000013>
write(1, "hello world\n", 12)           = 12 <0.000029>
exit_group(0)                           = ?
+++ exited with 0 +++
